2020-05-23 19:26:50.069 | SUCCESS  | sinric._sinricprosocket:connect:40 - Connected
2020-05-23 19:26:50.119 | SUCCESS  | sinric._sinricprosocket:connect:45 - Timestamp is in sync
2020-05-23 19:27:28.317 | ERROR    | sinric._sinricpro:handle_all:70 - Keyboard Interrupt
2020-05-23 19:28:46.774 | SUCCESS  | sinric._sinricprosocket:connect:40 - Connected
2020-05-23 19:28:46.789 | SUCCESS  | sinric._sinricprosocket:connect:45 - Timestamp is in sync
2020-05-23 19:31:45.959 | ERROR    | sinric._sinricpro:handle_all:70 - Keyboard Interrupt
2020-05-23 19:31:51.371 | SUCCESS  | sinric._sinricprosocket:connect:40 - Connected
2020-05-23 19:31:51.382 | SUCCESS  | sinric._sinricprosocket:connect:45 - Timestamp is in sync
2020-05-23 19:32:25.513 | INFO     | sinric._sinricprosocket:receiveMessage:53 - Request : {"header":{"payloadVersion":2,"signatureVersion":1},"payload":{"action":"setPowerState","clientId":"sinricpro-web","createdAt":1590242544,"deviceAttributes":[],"deviceId":"5ec9153676b86a477f5e0e05","replyToken":"748881a7-6aac-474b-b428-e2a6f8131b98","type":"request","value":{"state":"Off"}},"signature":{"HMAC":"wkzHVqnPE3rufaye+jnwUKcUnjdmDBLzFO57sPjU+M8="}}
2020-05-23 19:32:25.719 | INFO     | sinric._cbhandler:handleResponse:62 - Response : {"header": {"payloadVersion": 2, "signatureVersion": 1}, "payload": {"action": "setPowerState", "clientId": "sinricpro-web", "createdAt": 1590242545, "deviceId": "5ec9153676b86a477f5e0e05", "message": "OK", "replyToken": "748881a7-6aac-474b-b428-e2a6f8131b98", "success": true, "type": "response", "value": {"state": "Off"}}, "signature": {"HMAC": "3qqGN2ZRmU5F3ijqIrjuhsVqw/3Sef0eDQGLyBp6ODc="}}
2020-05-23 19:32:40.950 | INFO     | sinric._sinricprosocket:receiveMessage:53 - Request : {"header":{"payloadVersion":2,"signatureVersion":1},"payload":{"action":"setPowerState","clientId":"sinricpro-web","createdAt":1590242560,"deviceAttributes":[],"deviceId":"5ec9153676b86a477f5e0e05","replyToken":"2f86ff2d-155f-4d00-bd1c-508e7a93c4e8","type":"request","value":{"state":"On"}},"signature":{"HMAC":"oMYdsjR79fLctFjhNHDDDt19GPJB2oHlGzVwogSBC3U="}}
2020-05-23 19:32:41.147 | INFO     | sinric._cbhandler:handleResponse:62 - Response : {"header": {"payloadVersion": 2, "signatureVersion": 1}, "payload": {"action": "setPowerState", "clientId": "sinricpro-web", "createdAt": 1590242561, "deviceId": "5ec9153676b86a477f5e0e05", "message": "OK", "replyToken": "2f86ff2d-155f-4d00-bd1c-508e7a93c4e8", "success": true, "type": "response", "value": {"state": "On"}}, "signature": {"HMAC": "cs7ZUhE4hNwWWjRWpMEueuxO+xzD2fXUy8TV3l+2DPU="}}
2020-05-23 19:33:33.520 | INFO     | sinric._sinricprosocket:receiveMessage:53 - Request : {"header":{"payloadVersion":2,"signatureVersion":1},"payload":{"action":"setPowerState","clientId":"sinricpro-web","createdAt":1590242612,"deviceAttributes":[],"deviceId":"5ec9153676b86a477f5e0e05","replyToken":"dea89ca2-8ac4-414a-a09d-d1408f33dee0","type":"request","value":{"state":"On"}},"signature":{"HMAC":"1B7G2/w2yN8eZfr5CMxyD4+mn6I1FXHmHLwsV9peTdo="}}
2020-05-23 19:33:33.713 | INFO     | sinric._cbhandler:handleResponse:62 - Response : {"header": {"payloadVersion": 2, "signatureVersion": 1}, "payload": {"action": "setPowerState", "clientId": "sinricpro-web", "createdAt": 1590242613, "deviceId": "5ec9153676b86a477f5e0e05", "message": "OK", "replyToken": "dea89ca2-8ac4-414a-a09d-d1408f33dee0", "success": true, "type": "response", "value": {"state": "On"}}, "signature": {"HMAC": "4Cr6UINyN2hSsun+AYl4Fn2J4JGjGH4ELdaqxVgYrDo="}}
2020-05-23 19:33:52.280 | INFO     | sinric._sinricprosocket:receiveMessage:53 - Request : {"header":{"payloadVersion":2,"signatureVersion":1},"payload":{"action":"setPowerState","clientId":"sinricpro-web","createdAt":1590242631,"deviceAttributes":[],"deviceId":"5ec9153676b86a477f5e0e05","replyToken":"7b4cb7ad-fc02-45ce-b382-80dfba101f46","type":"request","value":{"state":"Off"}},"signature":{"HMAC":"ES9XdxgYuDn/c7qtzMnizBWstLW/AtdrFh5Jky21p3o="}}
2020-05-23 19:33:52.485 | INFO     | sinric._cbhandler:handleResponse:62 - Response : {"header": {"payloadVersion": 2, "signatureVersion": 1}, "payload": {"action": "setPowerState", "clientId": "sinricpro-web", "createdAt": 1590242632, "deviceId": "5ec9153676b86a477f5e0e05", "message": "OK", "replyToken": "7b4cb7ad-fc02-45ce-b382-80dfba101f46", "success": true, "type": "response", "value": {"state": "Off"}}, "signature": {"HMAC": "dRIiPIA/XIfB+idLsiDxD1GvnT3i9e00cDcF3G/OCC8="}}
2020-05-23 19:34:01.368 | INFO     | sinric._sinricprosocket:receiveMessage:53 - Request : {"header":{"payloadVersion":2,"signatureVersion":1},"payload":{"action":"setPowerState","clientId":"sinricpro-web","createdAt":1590242640,"deviceAttributes":[],"deviceId":"5e3261fcf9370215857f9833","replyToken":"73ae185b-b5b6-4987-bfc5-0f2b69443b15","type":"request","value":{"state":"Off"}},"signature":{"HMAC":"Ts3QxTgzZL/9N/0bxDBlcelCH3gSktsRzPJ9gu5+ZiY="}}
2020-05-23 19:34:01.566 | INFO     | sinric._cbhandler:handleResponse:62 - Response : {"header": {"payloadVersion": 2, "signatureVersion": 1}, "payload": {"action": "setPowerState", "clientId": "sinricpro-web", "createdAt": 1590242641, "deviceId": "5e3261fcf9370215857f9833", "message": "OK", "replyToken": "73ae185b-b5b6-4987-bfc5-0f2b69443b15", "success": true, "type": "response", "value": {"state": "Off"}}, "signature": {"HMAC": "TrtT0qWXkMUnmdcUGbE8MbJAquEYvBnkkqBNYsBEylo="}}
2020-05-23 19:34:05.035 | INFO     | sinric._sinricprosocket:receiveMessage:53 - Request : {"header":{"payloadVersion":2,"signatureVersion":1},"payload":{"action":"setPowerState","clientId":"sinricpro-web","createdAt":1590242643,"deviceAttributes":[],"deviceId":"5e3261a0fe4eb5157d6949eb","replyToken":"5c19c275-20ec-4acd-a9f9-db0276f8a42c","type":"request","value":{"state":"Off"}},"signature":{"HMAC":"G67eBFm3lsu/atErdTesEoiQ6vXmUmAwbc07tUtUkAk="}}
2020-05-23 19:34:05.217 | INFO     | sinric._cbhandler:handleResponse:62 - Response : {"header": {"payloadVersion": 2, "signatureVersion": 1}, "payload": {"action": "setPowerState", "clientId": "sinricpro-web", "createdAt": 1590242645, "deviceId": "5e3261a0fe4eb5157d6949eb", "message": "OK", "replyToken": "5c19c275-20ec-4acd-a9f9-db0276f8a42c", "success": true, "type": "response", "value": {"state": "Off"}}, "signature": {"HMAC": "nrMC2XRlS+utwq/WSeD63L23s41UZDjEZUWtqrm7psE="}}
2020-05-23 19:34:07.956 | INFO     | sinric._sinricprosocket:receiveMessage:53 - Request : {"header":{"payloadVersion":2,"signatureVersion":1},"payload":{"action":"setPowerState","clientId":"sinricpro-web","createdAt":1590242646,"deviceAttributes":[],"deviceId":"5e386b13e2e1685360b4bf5b","replyToken":"530a8c0c-1473-4b22-ac15-6d093c4ceedc","type":"request","value":{"state":"Off"}},"signature":{"HMAC":"Ljoxa/mdJoyBCSnRZkbyjCc84YPyiaVXPgs0z/EGNIA="}}
2020-05-23 19:34:08.156 | INFO     | sinric._cbhandler:handleResponse:62 - Response : {"header": {"payloadVersion": 2, "signatureVersion": 1}, "payload": {"action": "setPowerState", "clientId": "sinricpro-web", "createdAt": 1590242648, "deviceId": "5e386b13e2e1685360b4bf5b", "message": "OK", "replyToken": "530a8c0c-1473-4b22-ac15-6d093c4ceedc", "success": true, "type": "response", "value": {"state": "Off"}}, "signature": {"HMAC": "vsfS39vtiXCgtxhHmu6Q30lJUQjSZgpC0Ne6K9LX1bE="}}
2020-05-23 19:34:11.604 | INFO     | sinric._sinricprosocket:receiveMessage:53 - Request : {"header":{"payloadVersion":2,"signatureVersion":1},"payload":{"action":"setPowerState","clientId":"sinricpro-web","createdAt":1590242651,"deviceAttributes":[],"deviceId":"5ec9153676b86a477f5e0e05","replyToken":"3d1fa642-df5f-48b5-8bbe-857d60fed587","type":"request","value":{"state":"Off"}},"signature":{"HMAC":"kcW3i1eFwR0+7xSXKIgGRjWVWYpSVspHonFg3sbV3bA="}}
2020-05-23 19:34:11.797 | INFO     | sinric._cbhandler:handleResponse:62 - Response : {"header": {"payloadVersion": 2, "signatureVersion": 1}, "payload": {"action": "setPowerState", "clientId": "sinricpro-web", "createdAt": 1590242651, "deviceId": "5ec9153676b86a477f5e0e05", "message": "OK", "replyToken": "3d1fa642-df5f-48b5-8bbe-857d60fed587", "success": true, "type": "response", "value": {"state": "Off"}}, "signature": {"HMAC": "58/GCaFwqHFaBoxiT1KxUSBzRhhYEIwXlPQgA5t1Om0="}}
2020-05-23 19:35:07.866 | ERROR    | sinric._sinricpro:handle_all:70 - Keyboard Interrupt
2020-05-23 19:35:14.024 | SUCCESS  | sinric._sinricprosocket:connect:40 - Connected
2020-05-23 19:35:14.036 | SUCCESS  | sinric._sinricprosocket:connect:45 - Timestamp is in sync
2020-05-23 19:35:42.203 | INFO     | sinric._sinricprosocket:receiveMessage:53 - Request : {"header":{"payloadVersion":2,"signatureVersion":1},"payload":{"action":"setPowerState","clientId":"sinricpro-web","createdAt":1590242741,"deviceAttributes":[],"deviceId":"5ec9153676b86a477f5e0e05","replyToken":"a756a03e-5489-4567-995a-0b18822d0fce","type":"request","value":{"state":"Off"}},"signature":{"HMAC":"YrWdpFcM7vGeZxi4ysmNOWKE3CeTC8wvuGniC4Hj0ZU="}}
2020-05-23 19:35:42.414 | INFO     | sinric._cbhandler:handleResponse:62 - Response : {"header": {"payloadVersion": 2, "signatureVersion": 1}, "payload": {"action": "setPowerState", "clientId": "sinricpro-web", "createdAt": 1590242742, "deviceId": "5ec9153676b86a477f5e0e05", "message": "OK", "replyToken": "a756a03e-5489-4567-995a-0b18822d0fce", "success": true, "type": "response", "value": {"state": "Off"}}, "signature": {"HMAC": "diYRZpRVXC+lvAjKie5iwPg6SWLBMsHjZ49qGbBpOVs="}}
2020-05-23 19:35:45.661 | INFO     | sinric._sinricprosocket:receiveMessage:53 - Request : {"header":{"payloadVersion":2,"signatureVersion":1},"payload":{"action":"setPowerState","clientId":"sinricpro-web","createdAt":1590242744,"deviceAttributes":[],"deviceId":"5ec9153676b86a477f5e0e05","replyToken":"3931f8bf-7a74-434e-89b1-bafc09b62cfa","type":"request","value":{"state":"On"}},"signature":{"HMAC":"+nOWzCnIElxfi2lC82DZBxgZxg3kwD6D8OOBnz/tFvA="}}
2020-05-23 19:35:45.869 | INFO     | sinric._cbhandler:handleResponse:62 - Response : {"header": {"payloadVersion": 2, "signatureVersion": 1}, "payload": {"action": "setPowerState", "clientId": "sinricpro-web", "createdAt": 1590242745, "deviceId": "5ec9153676b86a477f5e0e05", "message": "OK", "replyToken": "3931f8bf-7a74-434e-89b1-bafc09b62cfa", "success": true, "type": "response", "value": {"state": "On"}}, "signature": {"HMAC": "iQkEqhJrj8pksYX/k02yYDZBMRdL/FElP7jw1+P6onY="}}
2020-05-23 19:38:21.837 | INFO     | sinric._sinricprosocket:receiveMessage:53 - Request : {"header":{"payloadVersion":2,"signatureVersion":1},"payload":{"action":"targetTemperature","clientId":"sinricpro-android","createdAt":1590242899,"deviceAttributes":[],"deviceId":"5ec9153676b86a477f5e0e05","replyToken":"4c3d94a9-abfa-4d6a-bdb4-9370db7b3949","type":"request","value":{"temperature":29}},"signature":{"HMAC":"/pvZrS+E1uyKtMF+VJK+39ISas5LLpoOi/eiCbtaf6A="}}
2020-05-23 19:38:22.033 | INFO     | sinric._cbhandler:handleResponse:62 - Response : {"header": {"payloadVersion": 2, "signatureVersion": 1}, "payload": {"action": "targetTemperature", "clientId": "sinricpro-android", "createdAt": 1590242902, "deviceId": "5ec9153676b86a477f5e0e05", "message": "OK", "replyToken": "4c3d94a9-abfa-4d6a-bdb4-9370db7b3949", "success": true, "type": "response", "value": {"schedule": {"duration": "PT4H"}, "temperature": 29}}, "signature": {"HMAC": "lRn7Xh+btBKYs5wBpPnf4HKpLBiE+OH+pWu/MHgboEw="}}
2020-05-23 19:38:30.338 | INFO     | sinric._sinricprosocket:receiveMessage:53 - Request : {"header":{"payloadVersion":2,"signatureVersion":1},"payload":{"action":"targetTemperature","clientId":"sinricpro-android","createdAt":1590242908,"deviceAttributes":[],"deviceId":"5ec9153676b86a477f5e0e05","replyToken":"96d72969-a6c1-4b4c-9eb3-a2226088be65","type":"request","value":{"temperature":32}},"signature":{"HMAC":"NUy7pYVmuZBXpnHBs1RpQgQ+ErEk8tOkRWNHoOeiTiM="}}
2020-05-23 19:38:30.526 | INFO     | sinric._cbhandler:handleResponse:62 - Response : {"header": {"payloadVersion": 2, "signatureVersion": 1}, "payload": {"action": "targetTemperature", "clientId": "sinricpro-android", "createdAt": 1590242910, "deviceId": "5ec9153676b86a477f5e0e05", "message": "OK", "replyToken": "96d72969-a6c1-4b4c-9eb3-a2226088be65", "success": true, "type": "response", "value": {"schedule": {"duration": "PT4H"}, "temperature": 32}}, "signature": {"HMAC": "GvCda7rTQbpCxjxmdpeeEJrAkTnJAdJ2uGVMJw8wJHQ="}}
2020-05-23 19:38:40.031 | INFO     | sinric._sinricprosocket:receiveMessage:53 - Request : {"header":{"payloadVersion":2,"signatureVersion":1},"payload":{"action":"setPowerState","clientId":"sinricpro-android","createdAt":1590242917,"deviceAttributes":[],"deviceId":"5ec9153676b86a477f5e0e05","replyToken":"92992a63-55f4-4328-9413-29167a756bbd","type":"request","value":{"state":"Off"}},"signature":{"HMAC":"21D7EtT0CeC1dJefc8u6dQ5s7x28y99mBK4GQS5DBnI="}}
2020-05-23 19:38:40.235 | INFO     | sinric._cbhandler:handleResponse:62 - Response : {"header": {"payloadVersion": 2, "signatureVersion": 1}, "payload": {"action": "setPowerState", "clientId": "sinricpro-android", "createdAt": 1590242920, "deviceId": "5ec9153676b86a477f5e0e05", "message": "OK", "replyToken": "92992a63-55f4-4328-9413-29167a756bbd", "success": true, "type": "response", "value": {"state": "Off"}}, "signature": {"HMAC": "pof5o/fy0vVXaeGWmeIr7mlJQmVMvOAzD01E2Xaol6s="}}
2020-05-23 19:39:19.494 | INFO     | sinric._sinricprosocket:receiveMessage:53 - Request : {"header":{"payloadVersion":2,"signatureVersion":1},"payload":{"action":"setPowerState","clientId":"alexa-skill","createdAt":1590242959,"deviceAttributes":[],"deviceId":"5ec9153676b86a477f5e0e05","replyToken":"fc7675a4-2616-4a25-8b71-22a276a037a7","type":"request","value":{"state":"On"}},"signature":{"HMAC":"EK6wN1a1JcOtYSck2fMLJlCk1o0mKAofFr0DETp8WJI="}}
2020-05-23 19:39:19.807 | INFO     | sinric._cbhandler:handleResponse:62 - Response : {"header": {"payloadVersion": 2, "signatureVersion": 1}, "payload": {"action": "setPowerState", "clientId": "alexa-skill", "createdAt": 1590242959, "deviceId": "5ec9153676b86a477f5e0e05", "message": "OK", "replyToken": "fc7675a4-2616-4a25-8b71-22a276a037a7", "success": true, "type": "response", "value": {"state": "On"}}, "signature": {"HMAC": "6flT6k9txFw29F31s93shrDK8D+hJqbTK2WStExoUBA="}}
2020-05-23 19:39:40.004 | INFO     | sinric._sinricprosocket:receiveMessage:53 - Request : {"header":{"payloadVersion":2,"signatureVersion":1},"payload":{"action":"setPowerState","clientId":"alexa-skill","createdAt":1590242979,"deviceAttributes":[],"deviceId":"5ec9153676b86a477f5e0e05","replyToken":"d7c8f2ce-9f59-4d03-ae41-131e0a821a65","type":"request","value":{"state":"Off"}},"signature":{"HMAC":"PWnJaa812VsiaPRsdG02qfqhbJgdXQbSPa2Fl0DRoro="}}
2020-05-23 19:39:40.201 | INFO     | sinric._cbhandler:handleResponse:62 - Response : {"header": {"payloadVersion": 2, "signatureVersion": 1}, "payload": {"action": "setPowerState", "clientId": "alexa-skill", "createdAt": 1590242980, "deviceId": "5ec9153676b86a477f5e0e05", "message": "OK", "replyToken": "d7c8f2ce-9f59-4d03-ae41-131e0a821a65", "success": true, "type": "response", "value": {"state": "Off"}}, "signature": {"HMAC": "AyR9tdKJuuNesQP72adwlWTJ0RXXNm4aozkAnl5FP9A="}}
2020-05-23 19:40:16.127 | INFO     | sinric._sinricprosocket:receiveMessage:53 - Request : {"header":{"payloadVersion":2,"signatureVersion":1},"payload":{"action":"setPowerState","clientId":"alexa-skill","createdAt":1590243015,"deviceAttributes":[],"deviceId":"5ec9153676b86a477f5e0e05","replyToken":"35956dbd-cb7e-43fd-b9ff-bd0676212b72","type":"request","value":{"state":"On"}},"signature":{"HMAC":"lzRUiOIxG0f3ePEBSIBjo6zHzuKWeqIDBZmnNi+AFH4="}}
2020-05-23 19:40:16.332 | INFO     | sinric._cbhandler:handleResponse:62 - Response : {"header": {"payloadVersion": 2, "signatureVersion": 1}, "payload": {"action": "setPowerState", "clientId": "alexa-skill", "createdAt": 1590243016, "deviceId": "5ec9153676b86a477f5e0e05", "message": "OK", "replyToken": "35956dbd-cb7e-43fd-b9ff-bd0676212b72", "success": true, "type": "response", "value": {"state": "On"}}, "signature": {"HMAC": "pvx25hdksxoS9eBXnwdEswyNbtVXhfWn04CN7lCnxYo="}}
2020-05-23 19:41:09.147 | ERROR    | sinric._sinricpro:handle_all:70 - Keyboard Interrupt
2020-05-25 18:34:55.856 | SUCCESS  | sinric._sinricprosocket:connect:40 - Connected
2020-05-25 18:34:55.868 | SUCCESS  | sinric._sinricprosocket:connect:45 - Timestamp is in sync
2020-05-25 18:34:58.529 | ERROR    | sinric._sinricpro:handle_all:70 - Keyboard Interrupt
2020-05-25 19:42:40.933 | SUCCESS  | sinric._sinricprosocket:connect:40 - Connected
2020-05-25 19:42:40.983 | SUCCESS  | sinric._sinricprosocket:connect:45 - Timestamp is in sync
2020-05-25 19:44:21.020 | ERROR    | sinric._sinricpro:handle_all:70 - Keyboard Interrupt
2020-05-25 19:44:24.058 | SUCCESS  | sinric._sinricprosocket:connect:40 - Connected
2020-05-25 19:44:24.060 | SUCCESS  | sinric._sinricprosocket:connect:45 - Timestamp is in sync
2020-05-25 19:52:51.086 | ERROR    | sinric._sinricpro:handle_all:70 - Keyboard Interrupt
2020-05-25 19:52:53.515 | SUCCESS  | sinric._sinricprosocket:connect:40 - Connected
2020-05-25 19:52:53.517 | SUCCESS  | sinric._sinricprosocket:connect:45 - Timestamp is in sync
2020-05-25 19:54:04.446 | ERROR    | sinric._sinricpro:handle_all:70 - Keyboard Interrupt
2020-05-25 19:54:06.222 | SUCCESS  | sinric._sinricprosocket:connect:40 - Connected
2020-05-25 19:54:06.224 | SUCCESS  | sinric._sinricprosocket:connect:45 - Timestamp is in sync
2020-05-25 19:54:59.539 | ERROR    | sinric._sinricpro:handle_all:70 - Keyboard Interrupt
2020-05-25 19:55:01.418 | SUCCESS  | sinric._sinricprosocket:connect:40 - Connected
2020-05-25 19:55:01.420 | SUCCESS  | sinric._sinricprosocket:connect:45 - Timestamp is in sync
2020-05-25 20:00:36.837 | ERROR    | sinric._sinricpro:handle_all:70 - Keyboard Interrupt
